<?xml version="1.0" encoding="UTF-8"?>
<testng-results ignored="0" total="1" passed="1" failed="0" skipped="0">
  <reporter-output>
  </reporter-output>
  <suite started-at="2026-02-19T17:57:04 IST" name="Default suite" finished-at="2026-02-19T17:57:12 IST" duration-ms="7349">
    <groups>
    </groups>
    <test started-at="2026-02-19T17:57:04 IST" name="Default test" finished-at="2026-02-19T17:57:12 IST" duration-ms="7349">
      <class name="tests.LoginTest">
        <test-method is-config="true" signature="setup()[pri:0, instance:tests.LoginTest@408d971b]" started-at="2026-02-19T17:57:04 IST" name="setup" finished-at="2026-02-19T17:57:10 IST" duration-ms="5679" status="PASS">
          <reporter-output>
          </reporter-output>
        </test-method> <!-- setup -->
        <test-method signature="verifyLogin()[pri:0, instance:tests.LoginTest@408d971b]" started-at="2026-02-19T17:57:10 IST" name="verifyLogin" finished-at="2026-02-19T17:57:11 IST" duration-ms="1309" status="PASS">
          <reporter-output>
          </reporter-output>
        </test-method> <!-- verifyLogin -->
        <test-method is-config="true" signature="tearDown()[pri:0, instance:tests.LoginTest@408d971b]" started-at="2026-02-19T17:57:11 IST" name="tearDown" finished-at="2026-02-19T17:57:12 IST" duration-ms="250" status="PASS">
          <reporter-output>
          </reporter-output>
        </test-method> <!-- tearDown -->
      </class> <!-- tests.LoginTest -->
    </test> <!-- Default test -->
  </suite> <!-- Default suite -->
</testng-results>
